---------------------------------------
Begin PBS Prologue Tue Nov  9 20:02:39 EST 2021
Job ID:     7048012.sched-hive.pace.gatech.edu
User ID:    amann37
Job name:   NN_Training
Queue:      hive-gpu-short
End PBS Prologue Tue Nov  9 20:02:39 EST 2021
---------------------------------------
Tue Nov  9 20:02:40 2021       
+-----------------------------------------------------------------------------+
| NVIDIA-SMI 465.19.01    Driver Version: 465.19.01    CUDA Version: 11.3     |
|-------------------------------+----------------------+----------------------+
| GPU  Name        Persistence-M| Bus-Id        Disp.A | Volatile Uncorr. ECC |
| Fan  Temp  Perf  Pwr:Usage/Cap|         Memory-Usage | GPU-Util  Compute M. |
|                               |                      |               MIG M. |
|===============================+======================+======================|
|   0  NVIDIA Tesla V1...  Off  | 00000000:D8:00.0 Off |                    0 |
| N/A   40C    P0    27W / 250W |      0MiB / 16160MiB |      0%   E. Process |
|                               |                      |                  N/A |
+-------------------------------+----------------------+----------------------+
                                                                               
+-----------------------------------------------------------------------------+
| Processes:                                                                  |
|  GPU   GI   CI        PID   Type   Process name                  GPU Memory |
|        ID   ID                                                   Usage      |
|=============================================================================|
|  No running processes found                                                 |
+-----------------------------------------------------------------------------+
/storage/home/hhive1/amann37/code/materials_informatics
/storage/home/hhive1/amann37/code/materials_informatics
python run_cnn.py
/storage/home/hhive1/amann37/scratch/homogenization_data
starting up the matrix
Traceback (most recent call last):
  File "/storage/home/hhive1/amann37/code/materials_informatics/run_cnn.py", line 79, in <module>
    main()
  File "/storage/home/hhive1/amann37/code/materials_informatics/run_cnn.py", line 26, in main
    model = MO_CNN()
  File "/storage/home/hhive1/amann37/code/materials_informatics/mocnn/MOCNN.py", line 13, in __init__
    self.net = MultiOutputCNN()
  File "/storage/home/hhive1/amann37/code/materials_informatics/mocnn/networks.py", line 11, in __init__
    ConvBlock(1,8,5),
  File "/storage/home/hhive1/amann37/code/materials_informatics/mocnn/layers.py", line 17, in __init__
    nn.ReLU(num_parameters=self.dout)
TypeError: __init__() got an unexpected keyword argument 'num_parameters'
---------------------------------------
Begin PBS Epilogue Tue Nov  9 20:02:52 EST 2021
Job ID:     7048012.sched-hive.pace.gatech.edu
User ID:    amann37
Job name:   NN_Training
Resources:  nodes=1:ppn=2:gpus=1,pmem=64gb,walltime=04:00:00,neednodes=1:ppn=2:gpus=1
Rsrc Used:  cput=00:00:03,vmem=0kb,walltime=00:00:13,mem=0kb,energy_used=0
Queue:      hive-gpu-short
Nodes:     
atl1-1-01-018-31.pace.gatech.edu
End PBS Epilogue Tue Nov  9 20:02:52 EST 2021
---------------------------------------
