---------------------------------------
Begin PBS Prologue Thu Dec 16 17:09:38 EST 2021
Job ID:     7151028.sched-hive.pace.gatech.edu
User ID:    amann37
Job name:   NN_Training
Queue:      hive-gpu-short
End PBS Prologue Thu Dec 16 17:09:38 EST 2021
---------------------------------------
Thu Dec 16 17:09:38 2021       
+-----------------------------------------------------------------------------+
| NVIDIA-SMI 465.19.01    Driver Version: 465.19.01    CUDA Version: 11.3     |
|-------------------------------+----------------------+----------------------+
| GPU  Name        Persistence-M| Bus-Id        Disp.A | Volatile Uncorr. ECC |
| Fan  Temp  Perf  Pwr:Usage/Cap|         Memory-Usage | GPU-Util  Compute M. |
|                               |                      |               MIG M. |
|===============================+======================+======================|
|   0  NVIDIA Tesla V1...  Off  | 00000000:3B:00.0 Off |                    0 |
| N/A   33C    P0    24W / 250W |      0MiB / 16160MiB |      0%   E. Process |
|                               |                      |                  N/A |
+-------------------------------+----------------------+----------------------+
                                                                               
+-----------------------------------------------------------------------------+
| Processes:                                                                  |
|  GPU   GI   CI        PID   Type   Process name                  GPU Memory |
|        ID   ID                                                   Usage      |
|=============================================================================|
|  No running processes found                                                 |
+-----------------------------------------------------------------------------+
/storage/home/hhive1/amann37/code/materials_informatics
/storage/home/hhive1/amann37/code/materials_informatics
python run_cnn.py
Traceback (most recent call last):
  File "/storage/home/hhive1/amann37/code/materials_informatics/run_cnn.py", line 7, in <module>
    from mocnn.MOCNN import MO_CNN
  File "/storage/home/hhive1/amann37/code/materials_informatics/mocnn/MOCNN.py", line 4, in <module>
    from mocnn.networks import *
  File "/storage/home/hhive1/amann37/code/materials_informatics/mocnn/networks.py", line 43, in <module>
    class NetworkF(nn.module):
AttributeError: module 'torch.nn' has no attribute 'module'
---------------------------------------
Begin PBS Epilogue Thu Dec 16 17:09:55 EST 2021
Job ID:     7151028.sched-hive.pace.gatech.edu
User ID:    amann37
Job name:   NN_Training
Resources:  nodes=1:ppn=4:gpus=1,pmem=64gb,walltime=04:00:00,neednodes=1:ppn=4:gpus=1
Rsrc Used:  cput=00:00:03,vmem=0kb,walltime=00:00:16,mem=0kb,energy_used=0
Queue:      hive-gpu-short
Nodes:     
atl1-1-01-018-31.pace.gatech.edu
End PBS Epilogue Thu Dec 16 17:09:55 EST 2021
---------------------------------------
