---------------------------------------
Begin PBS Prologue Tue Nov  9 15:28:03 EST 2021
Job ID:     7047881.sched-hive.pace.gatech.edu
User ID:    amann37
Job name:   gpuTest
Queue:      hive-gpu-short
End PBS Prologue Tue Nov  9 15:28:03 EST 2021
---------------------------------------
Tue Nov  9 15:28:03 2021       
+-----------------------------------------------------------------------------+
| NVIDIA-SMI 465.19.01    Driver Version: 465.19.01    CUDA Version: 11.3     |
|-------------------------------+----------------------+----------------------+
| GPU  Name        Persistence-M| Bus-Id        Disp.A | Volatile Uncorr. ECC |
| Fan  Temp  Perf  Pwr:Usage/Cap|         Memory-Usage | GPU-Util  Compute M. |
|                               |                      |               MIG M. |
|===============================+======================+======================|
|   0  NVIDIA Tesla V1...  Off  | 00000000:AF:00.0 Off |                    0 |
| N/A   32C    P0    24W / 250W |      0MiB / 16160MiB |      0%   E. Process |
|                               |                      |                  N/A |
+-------------------------------+----------------------+----------------------+
                                                                               
+-----------------------------------------------------------------------------+
| Processes:                                                                  |
|  GPU   GI   CI        PID   Type   Process name                  GPU Memory |
|        ID   ID                                                   Usage      |
|=============================================================================|
|  No running processes found                                                 |
+-----------------------------------------------------------------------------+
/storage/home/hhive1/amann37/code/materials_informatics
/storage/home/hhive1/amann37/code/materials_informatics
python run_cnn.py
/storage/home/hhive1/amann37/.conda/envs/mat_inf/lib/python3.9/site-packages/pytorch_lightning/trainer/connectors/callback_connector.py:90: LightningDeprecationWarning: Setting `Trainer(progress_bar_refresh_rate=0)` is deprecated in v1.5 and will be removed in v1.7. Please pass `pytorch_lightning.callbacks.progress.TQDMProgressBar` with `refresh_rate` directly to the Trainer's `callbacks` argument instead. Or, to disable the progress bar pass `enable_progress_bar = False` to the Trainer.
  rank_zero_deprecation(
GPU available: True, used: True
TPU available: False, using: 0 TPU cores
IPU available: False, using: 0 IPUs
/storage/home/hhive1/amann37/.conda/envs/mat_inf/lib/python3.9/site-packages/torch/utils/data/dataloader.py:478: UserWarning: This DataLoader will create 4 worker processes in total. Our suggested max number of worker in current system is 1, which is smaller than what this DataLoader is going to create. Please be aware that excessive worker creation might get DataLoader running slow or even freeze, lower the worker number to avoid potential slowness/freeze if necessary.
  warnings.warn(_create_warning_msg(
LOCAL_RANK: 0 - CUDA_VISIBLE_DEVICES: [0]

  | Name | Type           | Params
----------------------------------------
0 | net  | MultiOutputCNN | 35.7 K
----------------------------------------
35.7 K    Trainable params
0         Non-trainable params
35.7 K    Total params
0.143     Total estimated model params size (MB)
/storage/home/hhive1/amann37/scratch/homogenization_data
starting up the matrix
There are 35730 tunable parameters in this model
data loaded
/storage/home/hhive1/amann37/.conda/envs/mat_inf/lib/python3.9/site-packages/pytorch_lightning/trainer/trainer.py:899: LightningDeprecationWarning: `trainer.test(test_dataloaders)` is deprecated in v1.4 and will be removed in v1.6. Use `trainer.test(dataloaders)` instead.
  rank_zero_deprecation(
LOCAL_RANK: 0 - CUDA_VISIBLE_DEVICES: [0]
training complete!
loading test data!
--------------------------------------------------------------------------------
DATALOADER:0 TEST RESULTS
{}
--------------------------------------------------------------------------------
MASE is 0.9999996423721313 and MAE is 645468.375
---------------------------------------
Begin PBS Epilogue Tue Nov  9 15:43:22 EST 2021
Job ID:     7047881.sched-hive.pace.gatech.edu
User ID:    amann37
Job name:   gpuTest
Resources:  nodes=1:ppn=1:gpus=1,pmem=32gb,walltime=04:00:00,neednodes=1:ppn=1:gpus=1
Rsrc Used:  cput=00:15:13,vmem=153101080kb,walltime=00:15:19,mem=8652360kb,energy_used=0
Queue:      hive-gpu-short
Nodes:     
atl1-1-01-018-31.pace.gatech.edu
End PBS Epilogue Tue Nov  9 15:43:22 EST 2021
---------------------------------------
